# JRE version: Java(TM) SE Runtime Environment (11.0.2+9) (build 11.0.2+9-LTS)
# Java VM: Java HotSpot(TM) 64-Bit Server VM (11.0.2+9-LTS, mixed mode, tiered, compressed oops, g1 gc, windows-amd64)
Heap:
 garbage-first heap   total 155648K, used 88255K [0x0000000082000000, 0x0000000100000000)
  region size 1024K, 81 young (82944K), 8 survivors (8192K)
 Metaspace       used 48252K, capacity 49650K, committed 49792K, reserved 1091584K
  class space    used 6234K, capacity 6771K, committed 6784K, reserved 1048576K
GC Heap History (10 events):
Event: 1.311 GC heap before
{Heap before GC invocations=1 (full 0):
 garbage-first heap   total 129024K, used 21388K [0x0000000082000000, 0x0000000100000000)
  region size 1024K, 19 young (19456K), 3 survivors (3072K)
 Metaspace       used 18022K, capacity 18542K, committed 18688K, reserved 1064960K
  class space    used 2030K, capacity 2226K, committed 2304K, reserved 1048576K
}
Event: 1.316 GC heap after
{Heap after GC invocations=2 (full 0):
 garbage-first heap   total 129024K, used 7239K [0x0000000082000000, 0x0000000100000000)
  region size 1024K, 1 young (1024K), 1 survivors (1024K)
 Metaspace       used 18022K, capacity 18542K, committed 18688K, reserved 1064960K
  class space    used 2030K, capacity 2226K, committed 2304K, reserved 1048576K
}
Event: 1.527 GC heap before
{Heap before GC invocations=2 (full 0):
 garbage-first heap   total 129024K, used 26695K [0x0000000082000000, 0x0000000100000000)
  region size 1024K, 21 young (21504K), 1 survivors (1024K)
 Metaspace       used 20567K, capacity 21131K, committed 21248K, reserved 1067008K
  class space    used 2493K, capacity 2747K, committed 2816K, reserved 1048576K
}
Event: 1.530 GC heap after
{Heap after GC invocations=3 (full 0):
 garbage-first heap   total 129024K, used 7899K [0x0000000082000000, 0x0000000100000000)
  region size 1024K, 2 young (2048K), 2 survivors (2048K)
 Metaspace       used 20567K, capacity 21131K, committed 21248K, reserved 1067008K
  class space    used 2493K, capacity 2747K, committed 2816K, reserved 1048576K
}
Event: 2.010 GC heap before
{Heap before GC invocations=4 (full 0):
 garbage-first heap   total 129024K, used 57051K [0x0000000082000000, 0x0000000100000000)
  region size 1024K, 51 young (52224K), 2 survivors (2048K)
 Metaspace       used 25868K, capacity 26654K, committed 26880K, reserved 1073152K
  class space    used 3178K, capacity 3485K, committed 3584K, reserved 1048576K
}
Event: 2.014 GC heap after
{Heap after GC invocations=5 (full 0):
 garbage-first heap   total 129024K, used 9605K [0x0000000082000000, 0x0000000100000000)
  region size 1024K, 4 young (4096K), 4 survivors (4096K)
 Metaspace       used 25868K, capacity 26654K, committed 26880K, reserved 1073152K
  class space    used 3178K, capacity 3485K, committed 3584K, reserved 1048576K
}
Event: 2.650 GC heap before
{Heap before GC invocations=5 (full 0):
 garbage-first heap   total 129024K, used 68997K [0x0000000082000000, 0x0000000100000000)
  region size 1024K, 63 young (64512K), 4 survivors (4096K)
 Metaspace       used 30483K, capacity 31403K, committed 31616K, reserved 1077248K
  class space    used 3835K, capacity 4204K, committed 4224K, reserved 1048576K
}
Event: 2.658 GC heap after
{Heap after GC invocations=6 (full 0):
 garbage-first heap   total 129024K, used 11727K [0x0000000082000000, 0x0000000100000000)
  region size 1024K, 6 young (6144K), 6 survivors (6144K)
 Metaspace       used 30483K, capacity 31403K, committed 31616K, reserved 1077248K
  class space    used 3835K, capacity 4204K, committed 4224K, reserved 1048576K
}
Event: 3.144 GC heap before
{Heap before GC invocations=6 (full 0):
 garbage-first heap   total 129024K, used 76239K [0x0000000082000000, 0x0000000100000000)
  region size 1024K, 71 young (72704K), 6 survivors (6144K)
 Metaspace       used 34658K, capacity 35776K, committed 35840K, reserved 1081344K
  class space    used 4382K, capacity 4828K, committed 4864K, reserved 1048576K
}
Event: 3.158 GC heap after
{Heap after GC invocations=7 (full 0):
 garbage-first heap   total 155648K, used 14527K [0x0000000082000000, 0x0000000100000000)
  region size 1024K, 8 young (8192K), 8 survivors (8192K)
 Metaspace       used 34658K, capacity 35776K, committed 35840K, reserved 1081344K
  class space    used 4382K, capacity 4828K, committed 4864K, reserved 1048576K
}

