# JRE version: Java(TM) SE Runtime Environment (11.0.2+9) (build 11.0.2+9-LTS)
# Java VM: Java HotSpot(TM) 64-Bit Server VM (11.0.2+9-LTS, mixed mode, tiered, compressed oops, g1 gc, windows-amd64)
Heap:
 garbage-first heap   total 155648K, used 85196K [0x0000000082000000, 0x0000000100000000)
  region size 1024K, 79 young (80896K), 8 survivors (8192K)
 Metaspace       used 47555K, capacity 48951K, committed 49024K, reserved 1091584K
  class space    used 6172K, capacity 6715K, committed 6784K, reserved 1048576K
GC Heap History (10 events):
Event: 1.018 GC heap before
{Heap before GC invocations=1 (full 0):
 garbage-first heap   total 129024K, used 22264K [0x0000000082000000, 0x0000000100000000)
  region size 1024K, 19 young (19456K), 3 survivors (3072K)
 Metaspace       used 17797K, capacity 18328K, committed 18688K, reserved 1064960K
  class space    used 1992K, capacity 2193K, committed 2304K, reserved 1048576K
}
Event: 1.023 GC heap after
{Heap after GC invocations=2 (full 0):
 garbage-first heap   total 129024K, used 6919K [0x0000000082000000, 0x0000000100000000)
  region size 1024K, 1 young (1024K), 1 survivors (1024K)
 Metaspace       used 17797K, capacity 18328K, committed 18688K, reserved 1064960K
  class space    used 1992K, capacity 2193K, committed 2304K, reserved 1048576K
}
Event: 1.169 GC heap before
{Heap before GC invocations=2 (full 0):
 garbage-first heap   total 129024K, used 27399K [0x0000000082000000, 0x0000000100000000)
  region size 1024K, 22 young (22528K), 1 survivors (1024K)
 Metaspace       used 20651K, capacity 21211K, committed 21248K, reserved 1067008K
  class space    used 2509K, capacity 2779K, committed 2816K, reserved 1048576K
}
Event: 1.171 GC heap after
{Heap after GC invocations=3 (full 0):
 garbage-first heap   total 129024K, used 7810K [0x0000000082000000, 0x0000000100000000)
  region size 1024K, 2 young (2048K), 2 survivors (2048K)
 Metaspace       used 20651K, capacity 21211K, committed 21248K, reserved 1067008K
  class space    used 2509K, capacity 2779K, committed 2816K, reserved 1048576K
}
Event: 1.642 GC heap before
{Heap before GC invocations=4 (full 0):
 garbage-first heap   total 129024K, used 56962K [0x0000000082000000, 0x0000000100000000)
  region size 1024K, 51 young (52224K), 2 survivors (2048K)
 Metaspace       used 25883K, capacity 26702K, committed 26880K, reserved 1073152K
  class space    used 3186K, capacity 3485K, committed 3584K, reserved 1048576K
}
Event: 1.647 GC heap after
{Heap after GC invocations=5 (full 0):
 garbage-first heap   total 129024K, used 9410K [0x0000000082000000, 0x0000000100000000)
  region size 1024K, 4 young (4096K), 4 survivors (4096K)
 Metaspace       used 25883K, capacity 26702K, committed 26880K, reserved 1073152K
  class space    used 3186K, capacity 3485K, committed 3584K, reserved 1048576K
}
Event: 2.259 GC heap before
{Heap before GC invocations=5 (full 0):
 garbage-first heap   total 129024K, used 68802K [0x0000000082000000, 0x0000000100000000)
  region size 1024K, 63 young (64512K), 4 survivors (4096K)
 Metaspace       used 30729K, capacity 31757K, committed 32000K, reserved 1077248K
  class space    used 3897K, capacity 4285K, committed 4352K, reserved 1048576K
}
Event: 2.266 GC heap after
{Heap after GC invocations=6 (full 0):
 garbage-first heap   total 129024K, used 12028K [0x0000000082000000, 0x0000000100000000)
  region size 1024K, 6 young (6144K), 6 survivors (6144K)
 Metaspace       used 30729K, capacity 31757K, committed 32000K, reserved 1077248K
  class space    used 3897K, capacity 4285K, committed 4352K, reserved 1048576K
}
Event: 2.837 GC heap before
{Heap before GC invocations=6 (full 0):
 garbage-first heap   total 129024K, used 76540K [0x0000000082000000, 0x0000000100000000)
  region size 1024K, 71 young (72704K), 6 survivors (6144K)
 Metaspace       used 34664K, capacity 35766K, committed 35840K, reserved 1081344K
  class space    used 4386K, capacity 4829K, committed 4864K, reserved 1048576K
}
Event: 2.851 GC heap after
{Heap after GC invocations=7 (full 0):
 garbage-first heap   total 155648K, used 14540K [0x0000000082000000, 0x0000000100000000)
  region size 1024K, 8 young (8192K), 8 survivors (8192K)
 Metaspace       used 34664K, capacity 35766K, committed 35840K, reserved 1081344K
  class space    used 4386K, capacity 4829K, committed 4864K, reserved 1048576K
}

