# JRE version: Java(TM) SE Runtime Environment (11.0.2+9) (build 11.0.2+9-LTS)
# Java VM: Java HotSpot(TM) 64-Bit Server VM (11.0.2+9-LTS, mixed mode, tiered, compressed oops, g1 gc, windows-amd64)
Heap:
 garbage-first heap   total 155648K, used 83117K [0x0000000082000000, 0x0000000100000000)
  region size 1024K, 76 young (77824K), 8 survivors (8192K)
 Metaspace       used 47395K, capacity 48714K, committed 49024K, reserved 1091584K
  class space    used 6144K, capacity 6673K, committed 6784K, reserved 1048576K
GC Heap History (10 events):
Event: 1.407 GC heap before
{Heap before GC invocations=1 (full 0):
 garbage-first heap   total 129024K, used 24807K [0x0000000082000000, 0x0000000100000000)
  region size 1024K, 21 young (21504K), 3 survivors (3072K)
 Metaspace       used 18369K, capacity 18908K, committed 19072K, reserved 1067008K
  class space    used 2083K, capacity 2311K, committed 2432K, reserved 1048576K
}
Event: 1.414 GC heap after
{Heap after GC invocations=2 (full 0):
 garbage-first heap   total 129024K, used 7151K [0x0000000082000000, 0x0000000100000000)
  region size 1024K, 1 young (1024K), 1 survivors (1024K)
 Metaspace       used 18369K, capacity 18908K, committed 19072K, reserved 1067008K
  class space    used 2083K, capacity 2311K, committed 2432K, reserved 1048576K
}
Event: 1.654 GC heap before
{Heap before GC invocations=2 (full 0):
 garbage-first heap   total 129024K, used 24559K [0x0000000082000000, 0x0000000100000000)
  region size 1024K, 19 young (19456K), 1 survivors (1024K)
 Metaspace       used 20583K, capacity 21182K, committed 21296K, reserved 1069056K
  class space    used 2501K, capacity 2748K, committed 2816K, reserved 1048576K
}
Event: 1.657 GC heap after
{Heap after GC invocations=3 (full 0):
 garbage-first heap   total 129024K, used 7814K [0x0000000082000000, 0x0000000100000000)
  region size 1024K, 2 young (2048K), 2 survivors (2048K)
 Metaspace       used 20583K, capacity 21182K, committed 21296K, reserved 1069056K
  class space    used 2501K, capacity 2748K, committed 2816K, reserved 1048576K
}
Event: 2.332 GC heap before
{Heap before GC invocations=4 (full 0):
 garbage-first heap   total 129024K, used 59014K [0x0000000082000000, 0x0000000100000000)
  region size 1024K, 53 young (54272K), 2 survivors (2048K)
 Metaspace       used 25881K, capacity 26705K, committed 26880K, reserved 1073152K
  class space    used 3186K, capacity 3486K, committed 3584K, reserved 1048576K
}
Event: 2.339 GC heap after
{Heap after GC invocations=5 (full 0):
 garbage-first heap   total 129024K, used 9494K [0x0000000082000000, 0x0000000100000000)
  region size 1024K, 4 young (4096K), 4 survivors (4096K)
 Metaspace       used 25881K, capacity 26705K, committed 26880K, reserved 1073152K
  class space    used 3186K, capacity 3486K, committed 3584K, reserved 1048576K
}
Event: 3.427 GC heap before
{Heap before GC invocations=5 (full 0):
 garbage-first heap   total 129024K, used 70934K [0x0000000082000000, 0x0000000100000000)
  region size 1024K, 65 young (66560K), 4 survivors (4096K)
 Metaspace       used 30887K, capacity 31987K, committed 32000K, reserved 1077248K
  class space    used 3932K, capacity 4341K, committed 4352K, reserved 1048576K
}
Event: 3.436 GC heap after
{Heap after GC invocations=6 (full 0):
 garbage-first heap   total 129024K, used 12170K [0x0000000082000000, 0x0000000100000000)
  region size 1024K, 6 young (6144K), 6 survivors (6144K)
 Metaspace       used 30887K, capacity 31987K, committed 32000K, reserved 1077248K
  class space    used 3932K, capacity 4341K, committed 4352K, reserved 1048576K
}
Event: 3.922 GC heap before
{Heap before GC invocations=6 (full 0):
 garbage-first heap   total 129024K, used 74634K [0x0000000082000000, 0x0000000100000000)
  region size 1024K, 69 young (70656K), 6 survivors (6144K)
 Metaspace       used 34670K, capacity 35763K, committed 35840K, reserved 1081344K
  class space    used 4388K, capacity 4829K, committed 4864K, reserved 1048576K
}
Event: 3.935 GC heap after
{Heap after GC invocations=7 (full 0):
 garbage-first heap   total 155648K, used 14509K [0x0000000082000000, 0x0000000100000000)
  region size 1024K, 8 young (8192K), 8 survivors (8192K)
 Metaspace       used 34670K, capacity 35763K, committed 35840K, reserved 1081344K
  class space    used 4388K, capacity 4829K, committed 4864K, reserved 1048576K
}

