# JRE version: Java(TM) SE Runtime Environment (11.0.2+9) (build 11.0.2+9-LTS)
# Java VM: Java HotSpot(TM) 64-Bit Server VM (11.0.2+9-LTS, mixed mode, tiered, compressed oops, g1 gc, windows-amd64)
Heap:
 garbage-first heap   total 129024K, used 81868K [0x0000000082000000, 0x0000000100000000)
  region size 1024K, 73 young (74752K), 6 survivors (6144K)
 Metaspace       used 47435K, capacity 48775K, committed 49024K, reserved 1091584K
  class space    used 6142K, capacity 6675K, committed 6784K, reserved 1048576K
GC Heap History (10 events):
Event: 1.622 GC heap before
{Heap before GC invocations=1 (full 0):
 garbage-first heap   total 129024K, used 26559K [0x0000000082000000, 0x0000000100000000)
  region size 1024K, 23 young (23552K), 3 survivors (3072K)
 Metaspace       used 18561K, capacity 19090K, committed 19328K, reserved 1067008K
  class space    used 2121K, capacity 2349K, committed 2432K, reserved 1048576K
}
Event: 1.627 GC heap after
{Heap after GC invocations=2 (full 0):
 garbage-first heap   total 129024K, used 7045K [0x0000000082000000, 0x0000000100000000)
  region size 1024K, 2 young (2048K), 2 survivors (2048K)
 Metaspace       used 18561K, capacity 19090K, committed 19328K, reserved 1067008K
  class space    used 2121K, capacity 2349K, committed 2432K, reserved 1048576K
}
Event: 1.825 GC heap before
{Heap before GC invocations=2 (full 0):
 garbage-first heap   total 129024K, used 21381K [0x0000000082000000, 0x0000000100000000)
  region size 1024K, 17 young (17408K), 2 survivors (2048K)
 Metaspace       used 20575K, capacity 21173K, committed 21248K, reserved 1067008K
  class space    used 2497K, capacity 2745K, committed 2816K, reserved 1048576K
}
Event: 1.828 GC heap after
{Heap after GC invocations=3 (full 0):
 garbage-first heap   total 129024K, used 7729K [0x0000000082000000, 0x0000000100000000)
  region size 1024K, 2 young (2048K), 2 survivors (2048K)
 Metaspace       used 20575K, capacity 21173K, committed 21248K, reserved 1067008K
  class space    used 2497K, capacity 2745K, committed 2816K, reserved 1048576K
}
Event: 2.318 GC heap before
{Heap before GC invocations=4 (full 0):
 garbage-first heap   total 129024K, used 67121K [0x0000000082000000, 0x0000000100000000)
  region size 1024K, 61 young (62464K), 2 survivors (2048K)
 Metaspace       used 25919K, capacity 26702K, committed 26880K, reserved 1073152K
  class space    used 3186K, capacity 3485K, committed 3584K, reserved 1048576K
}
Event: 2.323 GC heap after
{Heap after GC invocations=5 (full 0):
 garbage-first heap   total 129024K, used 9195K [0x0000000082000000, 0x0000000100000000)
  region size 1024K, 4 young (4096K), 4 survivors (4096K)
 Metaspace       used 25919K, capacity 26702K, committed 26880K, reserved 1073152K
  class space    used 3186K, capacity 3485K, committed 3584K, reserved 1048576K
}
Event: 3.629 GC heap before
{Heap before GC invocations=5 (full 0):
 garbage-first heap   total 129024K, used 75755K [0x0000000082000000, 0x0000000100000000)
  region size 1024K, 70 young (71680K), 4 survivors (4096K)
 Metaspace       used 32652K, capacity 33714K, committed 34048K, reserved 1079296K
  class space    used 4089K, capacity 4512K, committed 4608K, reserved 1048576K
}
Event: 3.641 GC heap after
{Heap after GC invocations=6 (full 0):
 garbage-first heap   total 129024K, used 12919K [0x0000000082000000, 0x0000000100000000)
  region size 1024K, 7 young (7168K), 7 survivors (7168K)
 Metaspace       used 32652K, capacity 33714K, committed 34048K, reserved 1079296K
  class space    used 4089K, capacity 4512K, committed 4608K, reserved 1048576K
}
Event: 4.281 GC heap before
{Heap before GC invocations=6 (full 0):
 garbage-first heap   total 129024K, used 60023K [0x0000000082000000, 0x0000000100000000)
  region size 1024K, 55 young (56320K), 7 survivors (7168K)
 Metaspace       used 34676K, capacity 35760K, committed 35840K, reserved 1081344K
  class space    used 4386K, capacity 4828K, committed 4864K, reserved 1048576K
}
Event: 4.315 GC heap after
{Heap after GC invocations=7 (full 0):
 garbage-first heap   total 129024K, used 14284K [0x0000000082000000, 0x0000000100000000)
  region size 1024K, 6 young (6144K), 6 survivors (6144K)
 Metaspace       used 34676K, capacity 35760K, committed 35840K, reserved 1081344K
  class space    used 4386K, capacity 4828K, committed 4864K, reserved 1048576K
}

